This is pdfTeX, Version 3.1415926-2.5-1.40.14 (TeX Live 2013) (format=pdflatex 2014.2.2)  16 JUL 2014 22:27
entering extended mode
 restricted \write18 enabled.
 %&-line parsing enabled.
**Ukulele_Song_Book_-_Vol_7.tex
(./Ukulele_Song_Book_-_Vol_7.tex
LaTeX2e <2011/06/27>
Babel <3.9f> and hyphenation patterns for 21 languages loaded.
(../Common/SongbookHeader.tex
(/usr/local/texlive/2013basic/texmf-dist/tex/latex/base/article.cls
Document Class: article 2007/10/19 v1.4h Standard LaTeX document class
(/usr/local/texlive/2013basic/texmf-dist/tex/latex/base/size10.clo
File: size10.clo 2007/10/19 v1.4h Standard LaTeX file (size option)
)
\c@part=\count79
\c@section=\count80
\c@subsection=\count81
\c@subsubsection=\count82
\c@paragraph=\count83
\c@subparagraph=\count84
\c@figure=\count85
\c@table=\count86
\abovecaptionskip=\skip41
\belowcaptionskip=\skip42
\bibindent=\dimen102
)
(/usr/local/texlive/2013basic/texmf-dist/tex/latex/geometry/geometry.sty
Package: geometry 2010/09/12 v5.6 Page Geometry

(/usr/local/texlive/2013basic/texmf-dist/tex/latex/graphics/keyval.sty
Package: keyval 1999/03/16 v1.13 key=value parser (DPC)
\KV@toks@=\toks14
)
(/usr/local/texlive/2013basic/texmf-dist/tex/generic/oberdiek/ifpdf.sty
Package: ifpdf 2011/01/30 v2.3 Provides the ifpdf switch (HO)
Package ifpdf Info: pdfTeX in PDF mode is detected.
)
(/usr/local/texlive/2013basic/texmf-dist/tex/generic/oberdiek/ifvtex.sty
Package: ifvtex 2010/03/01 v1.5 Detect VTeX and its facilities (HO)
Package ifvtex Info: VTeX not detected.
)
(/usr/local/texlive/2013basic/texmf-dist/tex/generic/ifxetex/ifxetex.sty
Package: ifxetex 2010/09/12 v0.6 Provides ifxetex conditional
)
\Gm@cnth=\count87
\Gm@cntv=\count88
\c@Gm@tempcnt=\count89
\Gm@bindingoffset=\dimen103
\Gm@wd@mp=\dimen104
\Gm@odd@mp=\dimen105
\Gm@even@mp=\dimen106
\Gm@layoutwidth=\dimen107
\Gm@layoutheight=\dimen108
\Gm@layouthoffset=\dimen109
\Gm@layoutvoffset=\dimen110
\Gm@dimlist=\toks15
)
(/usr/local/texlive/2013basic/texmf-dist/tex/latex/savesym/savesym.sty
Package: savesym 2013/09/02 v1.2 Saves and restores symbols (JG)
)
(/usr/local/texlive/2013basic/texmf-dist/tex/latex/graphics/graphicx.sty
Package: graphicx 1999/02/16 v1.0f Enhanced LaTeX Graphics (DPC,SPQR)

(/usr/local/texlive/2013basic/texmf-dist/tex/latex/graphics/graphics.sty
Package: graphics 2009/02/05 v1.0o Standard LaTeX Graphics (DPC,SPQR)

(/usr/local/texlive/2013basic/texmf-dist/tex/latex/graphics/trig.sty
Package: trig 1999/03/16 v1.09 sin cos tan (DPC)
)
(/usr/local/texlive/2013basic/texmf-dist/tex/latex/latexconfig/graphics.cfg
File: graphics.cfg 2010/04/23 v1.9 graphics configuration of TeX Live
)
Package graphics Info: Driver file: pdftex.def on input line 91.

(/usr/local/texlive/2013basic/texmf-dist/tex/latex/pdftex-def/pdftex.def
File: pdftex.def 2011/05/27 v0.06d Graphics/color for pdfTeX

(/usr/local/texlive/2013basic/texmf-dist/tex/generic/oberdiek/infwarerr.sty
Package: infwarerr 2010/04/08 v1.3 Providing info/warning/error messages (HO)
)
(/usr/local/texlive/2013basic/texmf-dist/tex/generic/oberdiek/ltxcmds.sty
Package: ltxcmds 2011/11/09 v1.22 LaTeX kernel commands for general use (HO)
)
\Gread@gobject=\count90
))
\Gin@req@height=\dimen111
\Gin@req@width=\dimen112
)
(/usr/local/texlive/2013basic/texmf-dist/tex/latex/tocloft/tocloft.sty
Package: tocloft 2013/05/02 v2.3f parameterised ToC, etc., typesetting
Package tocloft Info: The document has section divisions on input line 44.
\cftparskip=\skip43
\cftbeforetoctitleskip=\skip44
\cftaftertoctitleskip=\skip45
\cftbeforepartskip=\skip46
\cftpartnumwidth=\skip47
\cftpartindent=\skip48
\cftbeforesecskip=\skip49
\cftsecindent=\skip50
\cftsecnumwidth=\skip51
\cftbeforesubsecskip=\skip52
\cftsubsecindent=\skip53
\cftsubsecnumwidth=\skip54
\cftbeforesubsubsecskip=\skip55
\cftsubsubsecindent=\skip56
\cftsubsubsecnumwidth=\skip57
\cftbeforeparaskip=\skip58
\cftparaindent=\skip59
\cftparanumwidth=\skip60
\cftbeforesubparaskip=\skip61
\cftsubparaindent=\skip62
\cftsubparanumwidth=\skip63
\cftbeforeloftitleskip=\skip64
\cftafterloftitleskip=\skip65
\cftbeforefigskip=\skip66
\cftfigindent=\skip67
\cftfignumwidth=\skip68
\c@lofdepth=\count91
\c@lotdepth=\count92
\cftbeforelottitleskip=\skip69
\cftafterlottitleskip=\skip70
\cftbeforetabskip=\skip71
\cfttabindent=\skip72
\cfttabnumwidth=\skip73
)
(/usr/local/texlive/2013basic/texmf-dist/tex/latex/songs/songs.sty
Package: songs 2012/03/17 v2.14 Songs package

(/usr/local/texlive/2013basic/texmf-dist/tex/latex/etex-pkg/etex.sty
Package: etex 1998/03/26 v2.0 eTeX basic definition package (PEB)
\et@xins=\count93
)
\SB@dimen=\dimen113
\SB@dimenii=\dimen114
\SB@dimeniii=\dimen115
\SB@dimeniv=\dimen116
\SB@box=\box26
\SB@boxii=\box27
\SB@boxiii=\box28
\SB@toks=\toks16
\SB@cnt=\count94
\SB@cntii=\count95
\SB@skip=\skip74
\c@songnum=\count96
\c@versenum=\count97
\versesep=\skip75
\afterpreludeskip=\skip76
\beforepostludeskip=\skip77
\baselineadj=\skip78
\idxheadwidth=\skip79
\songnumwidth=\skip80
\versenumwidth=\skip81
\cbarwidth=\skip82
\sbarheight=\skip83
\vvpenalty=\count98
\ccpenalty=\count99
\vcpenalty=\count100
\cvpenalty=\count101
\brkpenalty=\count102
\spenalty=\count103
\minfrets=\count104
\SB@colwidth=\dimen117
\SB@songbox=\box29
\SB@numcols=\count105
\SB@colnum=\count106
\SB@colbox=\box30
\SB@pgbox=\box31
\SB@mrkbox=\box32
\SB@groupcnt=\count107
\SB@titlelist=\toks17
\SB@titletail=\toks18
\SB@parindent=\dimen118
\SB@chorusbox=\box33
\SB@cmarkclass=\marks1
\SB@nocmarkclass=\marks2
\SB@grouplvl=\count108
\SB@srbox=\box34
\SB@transposefactor=\count109
\SB@lyric=\toks19
\SB@numhyps=\count110
\SB@lyricnohyp=\toks20
\SB@lyricbox=\box35
\SB@chordbox=\box36
\SB@cr@=\toks21
\SB@ctail=\toks22
\SB@fretwidth=\skip84
\SB@tabindent=\dimen119
\c@SB@songsnum=\count111
\SB@songwrites=\box37
\SB@idxtitlebox=\box38
LaTeX Font Info:    External font `cmex10' loaded for size
(Font)              <12> on input line 3629.
LaTeX Font Info:    External font `cmex10' loaded for size
(Font)              <8> on input line 3629.
LaTeX Font Info:    External font `cmex10' loaded for size
(Font)              <6> on input line 3629.
LaTeX Font Info:    External font `cmex10' loaded for size
(Font)              <10.95> on input line 3629.

(/usr/local/texlive/2013basic/texmf-dist/tex/latex/graphics/color.sty
Package: color 2005/11/14 v1.0j Standard LaTeX Color (DPC)

(/usr/local/texlive/2013basic/texmf-dist/tex/latex/latexconfig/color.cfg
File: color.cfg 2007/01/18 v1.5 color configuration of teTeX/TeXLive
)
Package color Info: Driver file: pdftex.def on input line 130.
))
\SB@out=\write3
\openout3 = `Ukulele_Song_Book_-_Vol_7.sxc'.

)
(./Ukulele_Song_Book_-_Vol_7.aux)
\openout1 = `Ukulele_Song_Book_-_Vol_7.aux'.

LaTeX Font Info:    Checking defaults for OML/cmm/m/it on input line 5.
LaTeX Font Info:    ... okay on input line 5.
LaTeX Font Info:    Checking defaults for T1/cmr/m/n on input line 5.
LaTeX Font Info:    ... okay on input line 5.
LaTeX Font Info:    Checking defaults for OT1/cmr/m/n on input line 5.
LaTeX Font Info:    ... okay on input line 5.
LaTeX Font Info:    Checking defaults for OMS/cmsy/m/n on input line 5.
LaTeX Font Info:    ... okay on input line 5.
LaTeX Font Info:    Checking defaults for OMX/cmex/m/n on input line 5.
LaTeX Font Info:    ... okay on input line 5.
LaTeX Font Info:    Checking defaults for U/cmr/m/n on input line 5.
LaTeX Font Info:    ... okay on input line 5.
LaTeX Font Info:    Try loading font information for OT1+bch on input line 5.

(/usr/local/texlive/2013basic/texmf-dist/tex/latex/psnfss/ot1bch.fd
File: ot1bch.fd 2004/10/18 font definitions for OT1/bch.
)
*geometry* driver: auto-detecting
*geometry* detected driver: pdftex
*geometry* verbose mode - [ preamble ] result:
* driver: pdftex
* paper: custom
* layout: <same size as paper>
* layoutoffset:(h,v)=(0.0pt,0.0pt)
* modes: 
* h-part:(L,W,R)=(14.45377pt, 278.23996pt, 14.45377pt)
* v-part:(T,H,B)=(14.45377pt, 368.57745pt, 14.45377pt)
* \paperwidth=307.14749pt
* \paperheight=397.48499pt
* \textwidth=278.23996pt
* \textheight=368.57745pt
* \oddsidemargin=-57.81622pt
* \evensidemargin=-57.81622pt
* \topmargin=-94.81622pt
* \headheight=12.0pt
* \headsep=25.0pt
* \topskip=10.0pt
* \footskip=30.0pt
* \marginparwidth=65.0pt
* \marginparsep=11.0pt
* \columnsep=10.0pt
* \skip\footins=9.0pt plus 4.0pt minus 2.0pt
* \hoffset=0.0pt
* \voffset=0.0pt
* \mag=1000
* \@twocolumnfalse
* \@twosidefalse
* \@mparswitchfalse
* \@reversemarginfalse
* (1in=72.27pt=25.4mm, 1cm=28.453pt)

(/usr/local/texlive/2013basic/texmf-dist/tex/context/base/supp-pdf.mkii
[Loading MPS to PDF converter (version 2006.09.02).]
\scratchcounter=\count112
\scratchdimen=\dimen120
\scratchbox=\box39
\nofMPsegments=\count113
\nofMParguments=\count114
\everyMPshowfont=\toks23
\MPscratchCnt=\count115
\MPscratchDim=\dimen121
\MPnumerator=\count116
\makeMPintoPDFobject=\count117
\everyMPtoPDFconversion=\toks24
) (/usr/local/texlive/2013basic/texmf-dist/tex/generic/oberdiek/pdftexcmds.sty
Package: pdftexcmds 2011/11/29 v0.20 Utility functions of pdfTeX for LuaTeX (HO
)

(/usr/local/texlive/2013basic/texmf-dist/tex/generic/oberdiek/ifluatex.sty
Package: ifluatex 2010/03/01 v1.3 Provides the ifluatex switch (HO)
Package ifluatex Info: LuaTeX not detected.
)
Package pdftexcmds Info: LuaTeX not detected.
Package pdftexcmds Info: \pdf@primitive is available.
Package pdftexcmds Info: \pdf@ifprimitive is available.
Package pdftexcmds Info: \pdfdraftmode found.
)
(/usr/local/texlive/2013basic/texmf-dist/tex/latex/oberdiek/epstopdf-base.sty
Package: epstopdf-base 2010/02/09 v2.5 Base part for package epstopdf

(/usr/local/texlive/2013basic/texmf-dist/tex/latex/oberdiek/grfext.sty
Package: grfext 2010/08/19 v1.1 Manage graphics extensions (HO)

(/usr/local/texlive/2013basic/texmf-dist/tex/generic/oberdiek/kvdefinekeys.sty
Package: kvdefinekeys 2011/04/07 v1.3 Define keys (HO)
)) (/usr/local/texlive/2013basic/texmf-dist/tex/latex/oberdiek/kvoptions.sty
Package: kvoptions 2011/06/30 v3.11 Key value format for package options (HO)

(/usr/local/texlive/2013basic/texmf-dist/tex/generic/oberdiek/kvsetkeys.sty
Package: kvsetkeys 2012/04/25 v1.16 Key value parser (HO)

(/usr/local/texlive/2013basic/texmf-dist/tex/generic/oberdiek/etexcmds.sty
Package: etexcmds 2011/02/16 v1.5 Avoid name clashes with e-TeX commands (HO)
Package etexcmds Info: Could not find \expanded.
(etexcmds)             That can mean that you are not using pdfTeX 1.50 or
(etexcmds)             that some package has redefined \expanded.
(etexcmds)             In the latter case, load this package earlier.
)))
Package grfext Info: Graphics extension search list:
(grfext)             [.png,.pdf,.jpg,.mps,.jpeg,.jbig2,.jb2,.PNG,.PDF,.JPG,.JPE
G,.JBIG2,.JB2,.eps]
(grfext)             \AppendGraphicsExtensions on input line 452.

(/usr/local/texlive/2013basic/texmf-dist/tex/latex/latexconfig/epstopdf-sys.cfg
File: epstopdf-sys.cfg 2010/07/13 v1.3 Configuration of (r)epstopdf for TeX Liv
e
))
LaTeX Font Info:    Font shape `OT1/bch/bx/n' in size <14.4> not available
(Font)              Font shape `OT1/bch/b/n' tried instead on input line 11.
 (./Ukulele_Song_Book_-_Vol_7.toc
LaTeX Font Info:    Font shape `OT1/bch/bx/n' in size <10> not available
(Font)              Font shape `OT1/bch/b/n' tried instead on input line 1.
LaTeX Font Info:    Try loading font information for OT1+lmss on input line 2.

(/usr/local/texlive/2013basic/texmf-dist/tex/latex/lm/ot1lmss.fd
File: ot1lmss.fd 2009/10/30 v1.6 Font defs for Latin Modern
)
LaTeX Font Info:    External font `cmex10' loaded for size
(Font)              <7> on input line 2.
LaTeX Font Info:    External font `cmex10' loaded for size
(Font)              <5> on input line 2.
)
\tf@toc=\write4
\openout4 = `Ukulele_Song_Book_-_Vol_7.toc'.

 [1

{/usr/local/texlive/2013basic/texmf-var/fonts/map/pdftex/updmap/pdftex.map}]
(./Songs_Vol7.tex
LaTeX Font Info:    Font shape `OT1/bch/bx/n' in size <7> not available
(Font)              Font shape `OT1/bch/b/n' tried instead on input line 5.
LaTeX Font Info:    Font shape `OT1/bch/bx/n' in size <6> not available
(Font)              Font shape `OT1/bch/b/n' tried instead on input line 5.

Overfull \hbox (2.67958pt too wide) in paragraph at lines 8--8
 []|[]  
 []

LaTeX Font Info:    Font shape `OT1/bch/bx/n' in size <5> not available
(Font)              Font shape `OT1/bch/b/n' tried instead on input line 60.
[1

] [2] [3] [4] [5] [6]
Overfull \hbox (2.67958pt too wide) in paragraph at lines 221--221
 []|[]  
 []


Overfull \hbox (2.67958pt too wide) in paragraph at lines 367--367
 []|[]  
 []

[7] [8] [9]
Overfull \hbox (2.67958pt too wide) in paragraph at lines 379--379
 []|[]  
 []

[10] [11] (./96/lily-11e51478-systems.tex
<96/lily-11e51478-1.pdf, id=50, 515.9275pt x 73.27374pt>
File: 96/lily-11e51478-1.pdf Graphic file (type pdf)

<use 96/lily-11e51478-1.pdf>
Package pdftex.def Info: 96/lily-11e51478-1.pdf used on input line 1.
(pdftex.def)             Requested size: 515.92624pt x 73.27354pt.
) (./20/lily-36d5e1bd-systems.tex
<20/lily-36d5e1bd-1.pdf, id=51, 524.96124pt x 72.27pt>
File: 20/lily-36d5e1bd-1.pdf Graphic file (type pdf)

<use 20/lily-36d5e1bd-1.pdf>
Package pdftex.def Info: 20/lily-36d5e1bd-1.pdf used on input line 1.
(pdftex.def)             Requested size: 524.95996pt x 72.2698pt.
) (./ee/lily-e859b2ef-systems.tex
<ee/lily-e859b2ef-1.pdf, id=52, 523.9575pt x 79.29625pt>
File: ee/lily-e859b2ef-1.pdf Graphic file (type pdf)

<use ee/lily-e859b2ef-1.pdf>
Package pdftex.def Info: ee/lily-e859b2ef-1.pdf used on input line 1.
(pdftex.def)             Requested size: 523.95622pt x 79.29604pt.
) (./dc/lily-0ed9f120-systems.tex
<dc/lily-0ed9f120-1.pdf, id=53, 325.215pt x 59.22125pt>
File: dc/lily-0ed9f120-1.pdf Graphic file (type pdf)

<use dc/lily-0ed9f120-1.pdf>
Package pdftex.def Info: dc/lily-0ed9f120-1.pdf used on input line 1.
(pdftex.def)             Requested size: 325.2142pt x 59.22108pt.
) (./3a/lily-7e7eae77-systems.tex
<3a/lily-7e7eae77-1.pdf, id=54, 321.2pt x 63.23625pt>
File: 3a/lily-7e7eae77-1.pdf Graphic file (type pdf)

<use 3a/lily-7e7eae77-1.pdf>
Package pdftex.def Info: 3a/lily-7e7eae77-1.pdf used on input line 1.
(pdftex.def)             Requested size: 321.19922pt x 63.23608pt.
) (./d7/lily-fefaa2b5-systems.tex
<d7/lily-fefaa2b5-1.pdf, id=55, 501.875pt x 73.27374pt>
File: d7/lily-fefaa2b5-1.pdf Graphic file (type pdf)

<use d7/lily-fefaa2b5-1.pdf>
Package pdftex.def Info: d7/lily-fefaa2b5-1.pdf used on input line 1.
(pdftex.def)             Requested size: 501.87376pt x 73.27354pt.
) [12 <./96/lily-11e51478-1.pdf> <./20/lily-36d5e1bd-1.pdf> <./ee/lily-e859b2ef
-1.pdf> <./dc/lily-0ed9f120-1.pdf> <./3a/lily-7e7eae77-1.pdf> <./d7/lily-fefaa2
b5-1.pdf>] [13] [14]) (../Common/ChordReference.tex [15] [16] [17]) [18]
\openout3 = `titleidx.sxd'.

 (./Ukulele_Song_Book_-_Vol_7.sxc)
(./Ukulele_Song_Book_-_Vol_7.aux) ) 
Here is how much of TeX's memory you used:
 3266 strings out of 494536
 46390 string characters out of 6167447
 567900 words of memory out of 5000000
 6422 multiletter control sequences out of 15000+600000
 48652 words of font info for 59 fonts, out of 8000000 for 9000
 319 hyphenation exceptions out of 8191
 38i,10n,32p,350b,453s stack positions out of 5000i,500n,10000p,200000b,80000s
{/usr/local/texlive/2013basic/texmf-dist/fon
ts/enc/dvips/lm/lm-rm.enc}{/usr/local/texlive/2013basic/texmf-dist/fonts/enc/dv
ips/base/8r.enc}</usr/local/texlive/2013basic/texmf-dist/fonts/type1/bitstrea/c
harter/bchb8a.pfb></usr/local/texlive/2013basic/texmf-dist/fonts/type1/bitstrea
/charter/bchr8a.pfb></usr/local/texlive/2013basic/texmf-dist/fonts/type1/public
/amsfonts/cm/cmmi6.pfb></usr/local/texlive/2013basic/texmf-dist/fonts/type1/pub
lic/amsfonts/cm/cmr5.pfb></usr/local/texlive/2013basic/texmf-dist/fonts/type1/p
ublic/amsfonts/cm/cmsy10.pfb></usr/local/texlive/2013basic/texmf-dist/fonts/typ
e1/public/amsfonts/cm/cmsy7.pfb></usr/local/texlive/2013basic/texmf-dist/fonts/
type1/public/amsfonts/cm/cmsy8.pfb></usr/local/texlive/2013basic/texmf-dist/fon
ts/type1/public/lm/lmss10.pfb></usr/local/texlive/2013basic/texmf-dist/fonts/ty
pe1/public/lm/lmss8.pfb></usr/local/texlive/2013basic/texmf-dist/fonts/type1/pu
blic/lm/lmss9.pfb></usr/local/texlive/2013basic/texmf-dist/fonts/type1/public/l
m/lmssbx10.pfb></usr/local/texlive/2013basic/texmf-dist/fonts/type1/public/lm/l
msso12.pfb></usr/local/texlive/2013basic/texmf-dist/fonts/type1/urw/ncntrsbk/un
cb8a.pfb></usr/local/texlive/2013basic/texmf-dist/fonts/type1/urw/ncntrsbk/uncr
8a.pfb>
Output written on Ukulele_Song_Book_-_Vol_7.pdf (19 pages, 281845 bytes).
PDF statistics:
 189 PDF objects out of 1000 (max. 8388607)
 140 compressed objects within 2 object streams
 0 named destinations out of 1000 (max. 500000)
 31 words of extra memory for PDF output out of 10000 (max. 10000000)

